=== Started 2018-08-14T18-44-06-747 ===
[INFO ][18:44:07] 418 bad words loaded
[WARN ][18:44:07] User account "Local Administrator" disabled
[WARN ][18:44:07] User account "Local Moderator" disabled
[WARN ][18:44:07] User account "Local User" disabled
[INFO ][18:44:07] 0 user records loaded.
[INFO ][18:44:07] 0 IP ban records loaded.
[INFO ][18:44:07] [1m[32mMultiOgar-Edited 1.6.1[37m - An open source multi-protocol ogar server[0m
[INFO ][18:44:07] WebSocket: ws
[INFO ][18:44:07] Started stats server on port 88
[INFO ][18:44:07] Listening on port 999
[INFO ][18:44:07] Current game mode is Experimental
[INFO ][18:44:07] Added 40 player bots
[NONE ][18:44:08]   __  __       _ _   _  ___                        _____    _ _ _           _    _   __    _ 
 |  \/  |_   _| | |_(_)/ _ \  __ _  __ _ _ __     | ____|__| (_) |_ ___  __| |  / | / /_  / |
 | |\/| | | | | | __| | | | |/ _` |/ _` | '__|____|  _| / _` | | __/ _ \/ _` |  | || '_ \ | |
 | |  | | |_| | | |_| | |_| | (_| | (_| | | |_____| |__| (_| | | ||  __/ (_| |  | || (_) || |
 |_|  |_|\__,_|_|\__|_|\___/ \__, |\__,_|_|       |_____\__,_|_|\__\___|\__,_|  |_(_)___(_)_|
                             |___/                                                           
[NONE ][18:44:54] >relaod
[WARN ][18:44:54] Invalid Command!
[NONE ][18:44:56] >relaod
[WARN ][18:44:56] Invalid Command!
[NONE ][18:44:58] >reload
[INFO ][18:44:58] 418 bad words loaded
[WARN ][18:44:58] User account "Local Administrator" disabled
[WARN ][18:44:58] User account "Local Moderator" disabled
[WARN ][18:44:58] User account "Local User" disabled
[INFO ][18:44:58] 0 user records loaded.
[INFO ][18:44:58] 0 IP ban records loaded.
[NONE ][18:44:58] Reloaded files successfully
[NONE ][18:45:03] CONNECTED 127.0.0.1:20629, origin: "http://myprivateserver.esy.es"
[NONE ][18:45:06] >addbot 10
[NONE ][18:45:06] Added 10 player bots
[NONE ][19:05:29] >reset
[WARN ][19:05:29] Removed 548 nodes
[NONE ][19:06:16] >mass 41 10000
[NONE ][19:06:16] Set mass of kekko999 to 10000.000
[NONE ][19:06:21] >mass 41 17000
[NONE ][19:06:21] Set mass of kekko999 to 17000.000
[NONE ][19:06:33] >mass 41 17000
[NONE ][19:06:33] Set mass of kekko999 to 17000.000
[NONE ][19:06:43] >mass 41 17000
[NONE ][19:06:43] Set mass of kekko999 to 17000.000
[NONE ][19:07:08] >mass 41 17000
[NONE ][19:07:08] Set mass of kekko999 to 17000.000
[NONE ][19:14:51] DISCONNECTED 127.0.0.1:20629, code: 1006, reason: "", name: "kekko999"
